<?xml version="1.0" encoding="UTF-8"?>
<testng-results skipped="0" failed="0" total="2" passed="2">
  <reporter-output>
  </reporter-output>
  <suite name="Suite" duration-ms="37685" started-at="2020-07-17T12:53:26Z" finished-at="2020-07-17T12:54:04Z">
    <groups>
      <group name="cucumber">
        <method signature="TestRunner.feature(cucumber.api.testng.CucumberFeatureWrapper)[pri:0, instance:com.cucumberFramework.testRunner.TestRunner@59a6e353]" name="feature" class="com.cucumberFramework.testRunner.TestRunner"/>
      </group> <!-- cucumber -->
    </groups>
    <test name="Test" duration-ms="37685" started-at="2020-07-17T12:53:26Z" finished-at="2020-07-17T12:54:04Z">
      <class name="com.cucumberFramework.testRunner.TestRunner">
        <test-method status="PASS" signature="setUpClass()[pri:0, instance:com.cucumberFramework.testRunner.TestRunner@59a6e353]" name="setUpClass" is-config="true" duration-ms="505" started-at="2020-07-17T18:23:26Z" finished-at="2020-07-17T18:23:27Z">
          <reporter-output>
          </reporter-output>
        </test-method> <!-- setUpClass -->
        <test-method status="PASS" signature="feature(cucumber.api.testng.CucumberFeatureWrapper)[pri:0, instance:com.cucumberFramework.testRunner.TestRunner@59a6e353]" name="feature" duration-ms="17947" started-at="2020-07-17T18:23:27Z" description="Runs cucmber Features" data-provider="features" finished-at="2020-07-17T18:23:45Z">
          <params>
            <param index="0">
              <value>
                <![CDATA[As a Stackover user I shouldnot able to login with In-valid credentials and error message should display]]>
              </value>
            </param>
          </params>
          <reporter-output>
          </reporter-output>
        </test-method> <!-- feature -->
        <test-method status="PASS" signature="feature(cucumber.api.testng.CucumberFeatureWrapper)[pri:0, instance:com.cucumberFramework.testRunner.TestRunner@59a6e353]" name="feature" duration-ms="18301" started-at="2020-07-17T18:23:45Z" description="Runs cucmber Features" data-provider="features" finished-at="2020-07-17T18:24:03Z">
          <params>
            <param index="0">
              <value>
                <![CDATA[As a Stackover user I should be able to login and logout with valid credentials]]>
              </value>
            </param>
          </params>
          <reporter-output>
          </reporter-output>
        </test-method> <!-- feature -->
        <test-method status="PASS" signature="testDownClass()[pri:0, instance:com.cucumberFramework.testRunner.TestRunner@59a6e353]" name="testDownClass" is-config="true" duration-ms="724" started-at="2020-07-17T18:24:03Z" finished-at="2020-07-17T18:24:04Z">
          <reporter-output>
          </reporter-output>
        </test-method> <!-- testDownClass -->
      </class> <!-- com.cucumberFramework.testRunner.TestRunner -->
    </test> <!-- Test -->
  </suite> <!-- Suite -->
</testng-results>
